1483    193
1484    193
1488    193
1489    193
1490    193
1493    193
1494    193
1498    193
1499    193
1500    193
1501    193
1502    193
1503    193
1504    193
1505    193
1506    193
1507    193
1508    193
1509    193
1510    193
1512    193
1513    193
1514    193
1515    193
1516    193
1517    193
1518    193
1519    193
1520    193
1521    193
1522    193
1523    193
1524    193
1525    193
1526    193
1527    193
1534    193
1535    193
1536    193
1537    193
1538    193
1539    193
1540    193
1542    193
1543    193
1544    193
1545    193
1546    193
1547    193
1548    193
1549    193
1550    193
1551    193
